<?xml version="1.0" encoding="UTF-8"?>
<coverage generated="1674925684289" clover="3.2.0">
  <project timestamp="1674925684289" name="All files">
    <metrics statements="4" coveredstatements="4" conditionals="1" coveredconditionals="1" methods="2" coveredmethods="2" elements="7" coveredelements="7" complexity="0" loc="4" ncloc="4" packages="2" files="2" classes="2"/>
    <package name="components.Logo">
      <metrics statements="2" coveredstatements="2" conditionals="1" coveredconditionals="1" methods="1" coveredmethods="1"/>
      <file name="index.tsx" path="/Users/yagomilano/Dev/Next/won-games-nextjs/src/components/Logo/index.tsx">
        <metrics statements="2" coveredstatements="2" conditionals="1" coveredconditionals="1" methods="1" coveredmethods="1"/>
        <line num="7" count="1" type="cond" truecount="1" falsecount="0"/>
        <line num="8" count="1" type="stmt"/>
      </file>
    </package>
    <package name="utils.tests">
      <metrics statements="2" coveredstatements="2" conditionals="0" coveredconditionals="0" methods="1" coveredmethods="1"/>
      <file name="helpers.tsx" path="/Users/yagomilano/Dev/Next/won-games-nextjs/src/utils/tests/helpers.tsx">
        <metrics statements="2" coveredstatements="2" conditionals="0" coveredconditionals="0" methods="1" coveredmethods="1"/>
        <line num="10" count="1" type="stmt"/>
        <line num="11" count="1" type="stmt"/>
      </file>
    </package>
  </project>
</coverage>
