{"/Users/yagomilano/Dev/Next/won-games-nextjs/src/components/Logo/index.tsx": {"path":"/Users/yagomilano/Dev/Next/won-games-nextjs/src/components/Logo/index.tsx","statementMap":{"0":{"start":{"line":8,"column":13},"end":{"line":91,"column":1}},"1":{"start":{"line":9,"column":2},"end":{"line":90,"column":14}}},"fnMap":{"0":{"name":"(anonymous_0)","decl":{"start":{"line":8,"column":13},"end":{"line":8,"column":14}},"loc":{"start":{"line":9,"column":2},"end":{"line":90,"column":14}},"line":9}},"branchMap":{"0":{"loc":{"start":{"line":8,"column":16},"end":{"line":8,"column":31}},"type":"default-arg","locations":[{"start":{"line":8,"column":24},"end":{"line":8,"column":31}}],"line":8},"1":{"loc":{"start":{"line":8,"column":33},"end":{"line":8,"column":48}},"type":"default-arg","locations":[{"start":{"line":8,"column":40},"end":{"line":8,"column":48}}],"line":8}},"s":{"0":1,"1":4},"f":{"0":4},"b":{"0":[3],"1":[2]},"_coverageSchema":"1a1c01bbd47fc00a2c39e90264f33305004495a9","hash":"318ff6479e124585c21ea284702db66e62e266a3"}
,"/Users/yagomilano/Dev/Next/won-games-nextjs/src/components/Logo/styles.ts": {"path":"/Users/yagomilano/Dev/Next/won-games-nextjs/src/components/Logo/styles.ts","statementMap":{"0":{"start":{"line":6,"column":25},"end":{"line":15,"column":1}},"1":{"start":{"line":7,"column":16},"end":{"line":10,"column":3}},"2":{"start":{"line":11,"column":15},"end":{"line":14,"column":3}},"3":{"start":{"line":17,"column":23},"end":{"line":22,"column":1}},"4":{"start":{"line":18,"column":32},"end":{"line":21,"column":3}}},"fnMap":{"0":{"name":"(anonymous_0)","decl":{"start":{"line":7,"column":10},"end":{"line":7,"column":11}},"loc":{"start":{"line":7,"column":16},"end":{"line":10,"column":3}},"line":7},"1":{"name":"(anonymous_1)","decl":{"start":{"line":11,"column":9},"end":{"line":11,"column":10}},"loc":{"start":{"line":11,"column":15},"end":{"line":14,"column":3}},"line":11},"2":{"name":"(anonymous_2)","decl":{"start":{"line":18,"column":4},"end":{"line":18,"column":5}},"loc":{"start":{"line":18,"column":32},"end":{"line":21,"column":3}},"line":18}},"branchMap":{"0":{"loc":{"start":{"line":20,"column":6},"end":{"line":20,"column":39}},"type":"binary-expr","locations":[{"start":{"line":20,"column":6},"end":{"line":20,"column":12}},{"start":{"line":20,"column":16},"end":{"line":20,"column":39}}],"line":20}},"s":{"0":1,"1":3,"2":1,"3":1,"4":4},"f":{"0":3,"1":1,"2":4},"b":{"0":[4,4]},"_coverageSchema":"1a1c01bbd47fc00a2c39e90264f33305004495a9","hash":"a63794f54d74ddb36f9363fc759ad4a209bff655"}
,"/Users/yagomilano/Dev/Next/won-games-nextjs/src/utils/tests/helpers.tsx": {"path":"/Users/yagomilano/Dev/Next/won-games-nextjs/src/utils/tests/helpers.tsx","statementMap":{"0":{"start":{"line":10,"column":31},"end":{"line":11,"column":65}},"1":{"start":{"line":11,"column":2},"end":{"line":11,"column":65}}},"fnMap":{"0":{"name":"(anonymous_0)","decl":{"start":{"line":10,"column":31},"end":{"line":10,"column":32}},"loc":{"start":{"line":11,"column":2},"end":{"line":11,"column":65}},"line":11}},"branchMap":{},"s":{"0":1,"1":4},"f":{"0":4},"b":{},"_coverageSchema":"1a1c01bbd47fc00a2c39e90264f33305004495a9","hash":"1af5514cfab9871949c26d3855183b5fe0b74e5d"}
}
