{"/Users/yagomilano/Dev/Next/won-games-nextjs/src/components/Logo/index.tsx": {"path":"/Users/yagomilano/Dev/Next/won-games-nextjs/src/components/Logo/index.tsx","statementMap":{"0":{"start":{"line":7,"column":13},"end":{"line":90,"column":1}},"1":{"start":{"line":8,"column":2},"end":{"line":89,"column":14}}},"fnMap":{"0":{"name":"(anonymous_0)","decl":{"start":{"line":7,"column":13},"end":{"line":7,"column":14}},"loc":{"start":{"line":8,"column":2},"end":{"line":89,"column":14}},"line":8}},"branchMap":{"0":{"loc":{"start":{"line":7,"column":16},"end":{"line":7,"column":31}},"type":"default-arg","locations":[{"start":{"line":7,"column":24},"end":{"line":7,"column":31}}],"line":7}},"s":{"0":1,"1":1},"f":{"0":1},"b":{"0":[1]},"_coverageSchema":"1a1c01bbd47fc00a2c39e90264f33305004495a9","hash":"17e81196fb84c274d220442595bf6735965c9b50"}
,"/Users/yagomilano/Dev/Next/won-games-nextjs/src/utils/tests/helpers.tsx": {"path":"/Users/yagomilano/Dev/Next/won-games-nextjs/src/utils/tests/helpers.tsx","statementMap":{"0":{"start":{"line":10,"column":31},"end":{"line":11,"column":65}},"1":{"start":{"line":11,"column":2},"end":{"line":11,"column":65}}},"fnMap":{"0":{"name":"(anonymous_0)","decl":{"start":{"line":10,"column":31},"end":{"line":10,"column":32}},"loc":{"start":{"line":11,"column":2},"end":{"line":11,"column":65}},"line":11}},"branchMap":{},"s":{"0":1,"1":1},"f":{"0":1},"b":{},"_coverageSchema":"1a1c01bbd47fc00a2c39e90264f33305004495a9","hash":"1af5514cfab9871949c26d3855183b5fe0b74e5d"}
}
